L 09/27/2021 - 00:02:40: SourceMod log file session started (file "L20210927.log") (Version "1.7.3-stable+5265")
L 09/27/2021 - 00:02:40: Log file closed.
L 09/27/2021 - 00:02:55: SourceMod log file session started (file "L20210927.log") (Version "1.7.3-stable+5265")
L 09/27/2021 - 00:02:55: -------- Mapchange to cs_compound --------
L 09/27/2021 - 00:05:15: -------- Mapchange to cs_compound --------
L 09/27/2021 - 00:09:52: SourceMod log file session started (file "L20210927.log") (Version "1.7.3-stable+5265")
L 09/27/2021 - 00:09:52: -------- Mapchange to cs_compound --------
L 09/27/2021 - 00:14:31: -------- Mapchange to cs_compound --------
L 09/27/2021 - 00:21:08: SourceMod log file session started (file "L20210927.log") (Version "1.7.3-stable+5265")
L 09/27/2021 - 00:21:08: -------- Mapchange to cs_compound --------
L 09/27/2021 - 00:24:20: SourceMod log file session started (file "L20210927.log") (Version "1.7.3-stable+5265")
L 09/27/2021 - 00:24:20: -------- Mapchange to cs_compound --------
L 09/27/2021 - 00:29:33: SourceMod log file session started (file "L20210927.log") (Version "1.7.3-stable+5265")
L 09/27/2021 - 00:29:33: -------- Mapchange to cs_compound --------
L 09/27/2021 - 00:34:38: SourceMod log file session started (file "L20210927.log") (Version "1.7.3-stable+5265")
L 09/27/2021 - 00:34:38: -------- Mapchange to cs_compound --------
L 09/27/2021 - 00:36:00: SourceMod log file session started (file "L20210927.log") (Version "1.7.3-stable+5265")
L 09/27/2021 - 00:36:00: -------- Mapchange to cs_compound --------
L 09/27/2021 - 00:42:14: SourceMod log file session started (file "L20210927.log") (Version "1.7.3-stable+5265")
L 09/27/2021 - 00:42:14: -------- Mapchange to cs_compound --------
L 09/27/2021 - 00:52:23: SourceMod log file session started (file "L20210927.log") (Version "1.7.3-stable+5265")
L 09/27/2021 - 00:52:23: -------- Mapchange to cs_compound --------
L 09/27/2021 - 00:52:38: -------- Mapchange to cs_compound --------
L 09/27/2021 - 00:54:47: [SM] Changed map to "de_train"
L 09/27/2021 - 00:54:50: -------- Mapchange to de_train --------
L 09/27/2021 - 00:56:01: -------- Mapchange to cs_compound --------
L 09/27/2021 - 00:59:15: [SM] Changed map to "de_tides"
L 09/27/2021 - 00:59:15: [SM] Changed map to "de_tides"
L 09/27/2021 - 00:59:15: -------- Mapchange to de_tides --------
L 09/27/2021 - 01:06:55: -------- Mapchange to cs_compound --------
L 09/27/2021 - 01:09:37: [SM] Changed map to "de_port"
L 09/27/2021 - 01:09:37: -------- Mapchange to de_port --------
L 09/27/2021 - 01:11:05: -------- Mapchange to de_dust2 --------
L 09/27/2021 - 01:15:31: -------- Mapchange to de_dust2 --------
L 09/27/2021 - 01:17:17: Log file closed.
L 09/27/2021 - 08:52:12: SourceMod log file session started (file "L20210927.log") (Version "1.7.3-stable+5265")
L 09/27/2021 - 08:52:12: -------- Mapchange to de_dust2 --------
L 09/27/2021 - 09:21:35: SourceMod log file session started (file "L20210927.log") (Version "1.7.3-stable+5265")
L 09/27/2021 - 09:21:35: -------- Mapchange to de_dust2 --------
L 09/27/2021 - 09:23:51: SourceMod log file session started (file "L20210927.log") (Version "1.7.3-stable+5265")
L 09/27/2021 - 09:23:51: -------- Mapchange to de_dust2 --------
L 09/27/2021 - 09:26:27: Log file closed.
L 09/27/2021 - 09:34:52: SourceMod log file session started (file "L20210927.log") (Version "1.7.3-stable+5265")
L 09/27/2021 - 09:34:52: -------- Mapchange to de_dust2 --------
L 09/27/2021 - 09:35:34: Log file closed.
L 09/27/2021 - 09:36:32: SourceMod log file session started (file "L20210927.log") (Version "1.7.3-stable+5265")
L 09/27/2021 - 09:36:32: -------- Mapchange to de_dust2 --------
L 09/27/2021 - 09:39:01: Log file closed.
L 09/27/2021 - 11:18:55: SourceMod log file session started (file "L20210927.log") (Version "1.7.3-stable+5265")
L 09/27/2021 - 11:18:55: -------- Mapchange to de_dust2 --------
L 09/27/2021 - 11:21:53: Log file closed.
L 09/27/2021 - 11:25:59: SourceMod log file session started (file "L20210927.log") (Version "1.7.3-stable+5265")
L 09/27/2021 - 11:25:59: -------- Mapchange to de_dust2 --------
L 09/27/2021 - 11:31:06: Log file closed.
L 09/27/2021 - 11:36:00: SourceMod log file session started (file "L20210927.log") (Version "1.7.3-stable+5265")
L 09/27/2021 - 11:36:00: -------- Mapchange to de_dust2 --------
L 09/27/2021 - 11:40:26: Log file closed.
L 09/27/2021 - 11:43:05: SourceMod log file session started (file "L20210927.log") (Version "1.7.3-stable+5265")
L 09/27/2021 - 11:43:05: -------- Mapchange to de_dust2 --------
L 09/27/2021 - 11:43:58: Log file closed.
L 09/27/2021 - 11:46:11: SourceMod log file session started (file "L20210927.log") (Version "1.7.3-stable+5265")
L 09/27/2021 - 11:46:11: -------- Mapchange to de_dust2 --------
L 09/27/2021 - 11:46:42: Log file closed.
L 09/27/2021 - 12:03:20: SourceMod log file session started (file "L20210927.log") (Version "1.7.3-stable+5265")
L 09/27/2021 - 12:03:20: -------- Mapchange to de_dust2 --------
L 09/27/2021 - 12:08:48: Log file closed.
L 09/27/2021 - 12:44:53: SourceMod log file session started (file "L20210927.log") (Version "1.7.3-stable+5265")
L 09/27/2021 - 12:44:53: -------- Mapchange to de_dust2 --------
L 09/27/2021 - 12:47:44: Log file closed.
L 09/27/2021 - 12:50:45: SourceMod log file session started (file "L20210927.log") (Version "1.7.3-stable+5265")
L 09/27/2021 - 12:50:45: -------- Mapchange to de_nuke --------
L 09/27/2021 - 12:54:15: Log file closed.
L 09/27/2021 - 12:58:42: SourceMod log file session started (file "L20210927.log") (Version "1.7.3-stable+5265")
L 09/27/2021 - 12:58:42: -------- Mapchange to de_train --------
L 09/27/2021 - 13:04:43: Log file closed.
L 09/27/2021 - 13:05:59: SourceMod log file session started (file "L20210927.log") (Version "1.7.3-stable+5265")
L 09/27/2021 - 13:05:59: -------- Mapchange to de_port --------
L 09/27/2021 - 13:08:45: Log file closed.
L 09/27/2021 - 13:35:24: SourceMod log file session started (file "L20210927.log") (Version "1.7.3-stable+5265")
L 09/27/2021 - 13:35:24: -------- Mapchange to de_dust2 --------
L 09/27/2021 - 13:57:59: Log file closed.
L 09/27/2021 - 17:24:30: SourceMod log file session started (file "L20210927.log") (Version "1.7.3-stable+5265")
L 09/27/2021 - 17:24:30: -------- Mapchange to de_dust2 --------
L 09/27/2021 - 17:27:57: Log file closed.
L 09/27/2021 - 23:05:27: SourceMod log file session started (file "L20210927.log") (Version "1.7.3-stable+5265")
L 09/27/2021 - 23:05:27: -------- Mapchange to de_dust2 --------
L 09/27/2021 - 23:10:49: -------- Mapchange to de_dust2 --------
L 09/27/2021 - 23:14:03: Log file closed.
L 09/27/2021 - 23:15:21: SourceMod log file session started (file "L20210927.log") (Version "1.7.3-stable+5265")
L 09/27/2021 - 23:15:21: -------- Mapchange to de_dust2 --------
L 09/27/2021 - 23:17:48: Log file closed.
